<?xml version="1.0" encoding="UTF-8"?>
<testsuite xmlns:xsi="http://www.w3.org/2001/XMLSchema-instance" xsi:schemaLocation="https://maven.apache.org/surefire/maven-surefire-plugin/xsd/surefire-test-report.xsd" name="io.helidon.common.reactive.BaseProcessorTest" time="0.056" tests="19" errors="0" skipped="0" failures="0">
  <properties>
[...]
</properties>
  <testcase name="testDoSubscribe" classname="io.helidon.common.reactive.BaseProcessorTest" time="0"/>
  <testcase name="testDoOnNextError" classname="io.helidon.common.reactive.BaseProcessorTest" time="0"/>
  <testcase name="testOnCompleteBeforeSubscribe" classname="io.helidon.common.reactive.BaseProcessorTest" time="0"/>
  <testcase name="testOnErrorBeforeSubscribe" classname="io.helidon.common.reactive.BaseProcessorTest" time="0"/>
  <testcase name="testDoubleSubscribe" classname="io.helidon.common.reactive.BaseProcessorTest" time="0"/>
  <testcase name="testDeferredOnSubscribe" classname="io.helidon.common.reactive.BaseProcessorTest" time="0.004"/>
  <testcase name="testSubmitError" classname="io.helidon.common.reactive.BaseProcessorTest" time="0"/>
  <testcase name="testOnCompleteWithNoRequest" classname="io.helidon.common.reactive.BaseProcessorTest" time="0"/>
  <testcase name="testDoSubscribeTwice" classname="io.helidon.common.reactive.BaseProcessorTest" time="0.001"/>
  <testcase name="testSubscriptionNotCanceled" classname="io.helidon.common.reactive.BaseProcessorTest" time="0.001"/>
  <testcase name="testCanceledSubscription" classname="io.helidon.common.reactive.BaseProcessorTest" time="0.001"/>
  <testcase name="testDoubleOnError" classname="io.helidon.common.reactive.BaseProcessorTest" time="0.001"/>
  <testcase name="testOnErrorWithNoRequest" classname="io.helidon.common.reactive.BaseProcessorTest" time="0.001"/>
  <testcase name="testDoSubscribeErrorDelegate" classname="io.helidon.common.reactive.BaseProcessorTest" time="0.015"/>
  <testcase name="testBeforeOnCompleteError" classname="io.helidon.common.reactive.BaseProcessorTest" time="0"/>
  <testcase name="testNotEnoughRequestToSubmit" classname="io.helidon.common.reactive.BaseProcessorTest" time="0"/>
  <testcase name="testNegativeSubscription" classname="io.helidon.common.reactive.BaseProcessorTest" time="0.002"/>
  <testcase name="testOnNextAfterOnComplete" classname="io.helidon.common.reactive.BaseProcessorTest" time="0.001"/>
  <testcase name="testDoubleOnSubscribe" classname="io.helidon.common.reactive.BaseProcessorTest" time="0.005"/>
</testsuite>